2017/03/28 20:23:46 [error] [exception.CDbException] CDbException: CDbConnection failed to open the DB connection: could not find driver in /var/www/temcoindustrial.com/migrate-data-tool/yii/db/CDbConnection.php:399
Stack trace:
#0 /var/www/temcoindustrial.com/migrate-data-tool/yii/db/CDbConnection.php(347): CDbConnection->open()
#1 /var/www/temcoindustrial.com/migrate-data-tool/yii/db/CDbConnection.php(325): CDbConnection->setActive(true)
#2 /var/www/temcoindustrial.com/migrate-data-tool/yii/base/CModule.php(394): CDbConnection->init()
#3 /var/www/temcoindustrial.com/migrate-data-tool/yii/base/CApplication.php(458): CModule->getComponent('db')
#4 /var/www/temcoindustrial.com/migrate-data-tool/yii/db/ar/CActiveRecord.php(637): CApplication->getDb()
#5 /var/www/temcoindustrial.com/migrate-data-tool/yii/db/ar/CActiveRecord.php(670): CActiveRecord->getDbConnection()
#6 /var/www/temcoindustrial.com/migrate-data-tool/yii/db/ar/CActiveRecord.php(1474): CActiveRecord->getCommandBuilder()
#7 /var/www/temcoindustrial.com/migrate-data-tool/protected/controllers/MigrateController.php(39): CActiveRecord->findAll()
#8 /var/www/temcoindustrial.com/migrate-data-tool/yii/web/CController.php(306): MigrateController->beforeAction(Object(CInlineAction))
#9 /var/www/temcoindustrial.com/migrate-data-tool/yii/web/CController.php(286): CController->runAction(Object(CInlineAction))
#10 /var/www/temcoindustrial.com/migrate-data-tool/yii/web/CController.php(265): CController->runActionWithFilters(Object(CInlineAction), Array)
#11 /var/www/temcoindustrial.com/migrate-data-tool/yii/web/CWebApplication.php(282): CController->run('')
#12 /var/www/temcoindustrial.com/migrate-data-tool/yii/web/CWebApplication.php(141): CWebApplication->runController('')
#13 /var/www/temcoindustrial.com/migrate-data-tool/yii/base/CApplication.php(184): CWebApplication->processRequest()
#14 /var/www/temcoindustrial.com/migrate-data-tool/index.php(13): CApplication->run()
#15 {main}
REQUEST_URI=/migrate-data-tool/
---
2017/03/28 20:30:53 [error] [exception.CDbException] CDbException: CDbConnection failed to open the DB connection: could not find driver in /var/www/temcoindustrial.com/migrate-data-tool/yii/db/CDbConnection.php:399
Stack trace:
#0 /var/www/temcoindustrial.com/migrate-data-tool/yii/db/CDbConnection.php(347): CDbConnection->open()
#1 /var/www/temcoindustrial.com/migrate-data-tool/yii/db/CDbConnection.php(325): CDbConnection->setActive(true)
#2 /var/www/temcoindustrial.com/migrate-data-tool/yii/base/CModule.php(394): CDbConnection->init()
#3 /var/www/temcoindustrial.com/migrate-data-tool/yii/base/CApplication.php(458): CModule->getComponent('db')
#4 /var/www/temcoindustrial.com/migrate-data-tool/yii/db/ar/CActiveRecord.php(637): CApplication->getDb()
#5 /var/www/temcoindustrial.com/migrate-data-tool/yii/db/ar/CActiveRecord.php(670): CActiveRecord->getDbConnection()
#6 /var/www/temcoindustrial.com/migrate-data-tool/yii/db/ar/CActiveRecord.php(1474): CActiveRecord->getCommandBuilder()
#7 /var/www/temcoindustrial.com/migrate-data-tool/protected/controllers/MigrateController.php(39): CActiveRecord->findAll()
#8 /var/www/temcoindustrial.com/migrate-data-tool/yii/web/CController.php(306): MigrateController->beforeAction(Object(CInlineAction))
#9 /var/www/temcoindustrial.com/migrate-data-tool/yii/web/CController.php(286): CController->runAction(Object(CInlineAction))
#10 /var/www/temcoindustrial.com/migrate-data-tool/yii/web/CController.php(265): CController->runActionWithFilters(Object(CInlineAction), Array)
#11 /var/www/temcoindustrial.com/migrate-data-tool/yii/web/CWebApplication.php(282): CController->run('')
#12 /var/www/temcoindustrial.com/migrate-data-tool/yii/web/CWebApplication.php(141): CWebApplication->runController('')
#13 /var/www/temcoindustrial.com/migrate-data-tool/yii/base/CApplication.php(184): CWebApplication->processRequest()
#14 /var/www/temcoindustrial.com/migrate-data-tool/index.php(13): CApplication->run()
#15 {main}
REQUEST_URI=/migrate-data-tool/
---
2017/03/28 21:09:32 [error] [system.db.CDbCommand] CDbCommand::execute() failed: SQLSTATE[23000]: Integrity constraint violation: 1062 Duplicate entry '3' for key 'PRIMARY'. The SQL statement executed was: INSERT INTO `catalog_product_entity` (`attribute_set_id`, `type_id`, `has_options`, `required_options`, `entity_id`, `sku`, `created_at`, `updated_at`) VALUES (:yp0, :yp1, :yp2, :yp3, :yp4, :yp5, :yp6, :yp7).
2017/03/28 21:09:32 [error] [exception.CDbException] CDbException: CDbCommand failed to execute the SQL statement: SQLSTATE[23000]: Integrity constraint violation: 1062 Duplicate entry '3' for key 'PRIMARY'. The SQL statement executed was: INSERT INTO `catalog_product_entity` (`attribute_set_id`, `type_id`, `has_options`, `required_options`, `entity_id`, `sku`, `created_at`, `updated_at`) VALUES (:yp0, :yp1, :yp2, :yp3, :yp4, :yp5, :yp6, :yp7) in /var/www/temcoindustrial.com/migrate-data-tool/yii/db/CDbCommand.php:358
Stack trace:
#0 /var/www/temcoindustrial.com/migrate-data-tool/yii/db/ar/CActiveRecord.php(1080): CDbCommand->execute()
#1 /var/www/temcoindustrial.com/migrate-data-tool/yii/db/ar/CActiveRecord.php(809): CActiveRecord->insert(NULL)
#2 /var/www/temcoindustrial.com/migrate-data-tool/protected/controllers/MigrateController.php(1034): CActiveRecord->save()
#3 /var/www/temcoindustrial.com/migrate-data-tool/yii/web/actions/CInlineAction.php(49): MigrateController->actionStep5()
#4 /var/www/temcoindustrial.com/migrate-data-tool/yii/web/CController.php(308): CInlineAction->runWithParams(Array)
#5 /var/www/temcoindustrial.com/migrate-data-tool/yii/web/CController.php(286): CController->runAction(Object(CInlineAction))
#6 /var/www/temcoindustrial.com/migrate-data-tool/yii/web/CController.php(265): CController->runActionWithFilters(Object(CInlineAction), Array)
#7 /var/www/temcoindustrial.com/migrate-data-tool/yii/web/CWebApplication.php(282): CController->run('step5')
#8 /var/www/temcoindustrial.com/migrate-data-tool/yii/web/CWebApplication.php(141): CWebApplication->runController('migrate/step5')
#9 /var/www/temcoindustrial.com/migrate-data-tool/yii/base/CApplication.php(184): CWebApplication->processRequest()
#10 /var/www/temcoindustrial.com/migrate-data-tool/index.php(13): CApplication->run()
#11 {main}
REQUEST_URI=/migrate-data-tool/index.php/migrate/step5
HTTP_REFERER=http://54.215.133.89/migrate-data-tool/index.php/migrate/step5
---
2017/03/28 21:09:57 [error] [system.db.CDbCommand] CDbCommand::execute() failed: SQLSTATE[23000]: Integrity constraint violation: 1062 Duplicate entry '3' for key 'PRIMARY'. The SQL statement executed was: INSERT INTO `catalog_product_entity` (`attribute_set_id`, `type_id`, `has_options`, `required_options`, `entity_id`, `sku`, `created_at`, `updated_at`) VALUES (:yp0, :yp1, :yp2, :yp3, :yp4, :yp5, :yp6, :yp7).
2017/03/28 21:09:57 [error] [exception.CDbException] CDbException: CDbCommand failed to execute the SQL statement: SQLSTATE[23000]: Integrity constraint violation: 1062 Duplicate entry '3' for key 'PRIMARY'. The SQL statement executed was: INSERT INTO `catalog_product_entity` (`attribute_set_id`, `type_id`, `has_options`, `required_options`, `entity_id`, `sku`, `created_at`, `updated_at`) VALUES (:yp0, :yp1, :yp2, :yp3, :yp4, :yp5, :yp6, :yp7) in /var/www/temcoindustrial.com/migrate-data-tool/yii/db/CDbCommand.php:358
Stack trace:
#0 /var/www/temcoindustrial.com/migrate-data-tool/yii/db/ar/CActiveRecord.php(1080): CDbCommand->execute()
#1 /var/www/temcoindustrial.com/migrate-data-tool/yii/db/ar/CActiveRecord.php(809): CActiveRecord->insert(NULL)
#2 /var/www/temcoindustrial.com/migrate-data-tool/protected/controllers/MigrateController.php(1034): CActiveRecord->save()
#3 /var/www/temcoindustrial.com/migrate-data-tool/yii/web/actions/CInlineAction.php(49): MigrateController->actionStep5()
#4 /var/www/temcoindustrial.com/migrate-data-tool/yii/web/CController.php(308): CInlineAction->runWithParams(Array)
#5 /var/www/temcoindustrial.com/migrate-data-tool/yii/web/CController.php(286): CController->runAction(Object(CInlineAction))
#6 /var/www/temcoindustrial.com/migrate-data-tool/yii/web/CController.php(265): CController->runActionWithFilters(Object(CInlineAction), Array)
#7 /var/www/temcoindustrial.com/migrate-data-tool/yii/web/CWebApplication.php(282): CController->run('step5')
#8 /var/www/temcoindustrial.com/migrate-data-tool/yii/web/CWebApplication.php(141): CWebApplication->runController('migrate/step5')
#9 /var/www/temcoindustrial.com/migrate-data-tool/yii/base/CApplication.php(184): CWebApplication->processRequest()
#10 /var/www/temcoindustrial.com/migrate-data-tool/index.php(13): CApplication->run()
#11 {main}
REQUEST_URI=/migrate-data-tool/index.php/migrate/step5
HTTP_REFERER=http://54.215.133.89/migrate-data-tool/index.php/migrate/step5
---
